#
# There is insufficient memory for the Java Runtime Environment to continue.
# Native memory allocation (malloc) failed to allocate 1048576 bytes for AllocateHeap
# Possible reasons:
#   The system is out of physical RAM or swap space
#   The process is running with CompressedOops enabled, and the Java Heap may be blocking the growth of the native heap
# Possible solutions:
#   Reduce memory load on the system
#   Increase physical memory or swap space
#   Check if swap backing store is full
#   Decrease Java heap size (-Xmx/-Xms)
#   Decrease number of Java threads
#   Decrease Java thread stack sizes (-Xss)
#   Set larger code cache with -XX:ReservedCodeCacheSize=
#   JVM is running with Unscaled Compressed Oops mode in which the Java heap is
#     placed in the first 4GB address space. The Java Heap base address is the
#     maximum limit for the native heap growth. Please use -XX:HeapBaseMinAddress
#     to set the Java Heap base and to place the Java Heap above 4GB virtual address.
# This output file may be truncated or incomplete.
#
#  Out of Memory Error (allocation.cpp:44), pid=12908, tid=7904
#
# JRE version: OpenJDK Runtime Environment Temurin-17.0.2+8 (17.0.2+8) (build 17.0.2+8)
# Java VM: OpenJDK 64-Bit Server VM Temurin-17.0.2+8 (17.0.2+8, mixed mode, emulated-client, tiered, compressed oops, compressed class ptrs, g1 gc, windows-amd64)
# No core dump will be written. Minidumps are not enabled by default on client versions of Windows
#

---------------  S U M M A R Y ------------

Command Line: -Dsts.lsp.client=vscode -Dsts.log.file=/dev/null -XX:TieredStopAtLevel=1 -Dspring.config.location=file:c:\Users\taco7\.vscode\extensions\pivotal.vscode-spring-boot-1.32.0\language-server\BOOT-INF\classes\application.properties org.springframework.ide.vscode.boot.app.BootLanguageServerBootApp

Host: Intel(R) Core(TM) i5-7300HQ CPU @ 2.50GHz, 4 cores, 7G,  Windows 10 , 64 bit Build 19041 (10.0.19041.1566)
Time: Tue Apr 12 16:51:24 2022 Central Daylight Time elapsed time: 84321.289869 seconds (0d 23h 25m 21s)

---------------  T H R E A D  ---------------

Current thread (0x0000028b95516570):  VMThread "VM Thread" [stack: 0x000000d302a00000,0x000000d302b00000] [id=7904]

Stack: [0x000000d302a00000,0x000000d302b00000]
Native frames: (J=compiled Java code, j=interpreted, Vv=VM code, C=native code)
V  [jvm.dll+0x67564a]
V  [jvm.dll+0x82fc04]
V  [jvm.dll+0x8313ae]
V  [jvm.dll+0x831a13]
V  [jvm.dll+0x245235]
V  [jvm.dll+0xa6393]
V  [jvm.dll+0x2f5233]
V  [jvm.dll+0x2f0f70]
V  [jvm.dll+0x2d96c7]
V  [jvm.dll+0x31c6b7]
V  [jvm.dll+0x835ebb]
V  [jvm.dll+0x836bf4]
V  [jvm.dll+0x83710c]
V  [jvm.dll+0x8374e4]
V  [jvm.dll+0x8375b0]
V  [jvm.dll+0x7dff2a]
V  [jvm.dll+0x6744d5]
C  [ucrtbase.dll+0x21bb2]
C  [KERNEL32.DLL+0x17034]
C  [ntdll.dll+0x52651]

VM_Operation (0x000000d303bfe920): G1CollectFull, mode: safepoint, requested by thread 0x0000028b981c3840


---------------  P R O C E S S  ---------------

Threads class SMR info:
_java_thread_list=0x0000028b985e2070, length=19, elements={
0x0000028b9552f760, 0x0000028b95531b00, 0x0000028b9556f010, 0x0000028b9556fa30,
0x0000028b955702f0, 0x0000028b95570bb0, 0x0000028b95573d40, 0x0000028b95574640,
0x0000028b961591b0, 0x0000028b961621a0, 0x0000028b981c3840, 0x0000028b9814a0a0,
0x0000028b88c0b620, 0x0000028b983132f0, 0x0000028b96abc4f0, 0x0000028b98363040,
0x0000028b98369550, 0x0000028b9838a250, 0x0000028b983ea540
}

Java Threads: ( => current thread )
  0x0000028b9552f760 JavaThread "Reference Handler" daemon [_thread_blocked, id=19704, stack(0x000000d302b00000,0x000000d302c00000)]
  0x0000028b95531b00 JavaThread "Finalizer" daemon [_thread_blocked, id=15428, stack(0x000000d302c00000,0x000000d302d00000)]
  0x0000028b9556f010 JavaThread "Signal Dispatcher" daemon [_thread_blocked, id=11104, stack(0x000000d302d00000,0x000000d302e00000)]
  0x0000028b9556fa30 JavaThread "Attach Listener" daemon [_thread_blocked, id=1344, stack(0x000000d302e00000,0x000000d302f00000)]
  0x0000028b955702f0 JavaThread "Service Thread" daemon [_thread_blocked, id=2536, stack(0x000000d302f00000,0x000000d303000000)]
  0x0000028b95570bb0 JavaThread "Monitor Deflation Thread" daemon [_thread_blocked, id=22292, stack(0x000000d303000000,0x000000d303100000)]
  0x0000028b95573d40 JavaThread "C1 CompilerThread0" daemon [_thread_blocked, id=18692, stack(0x000000d303100000,0x000000d303200000)]
  0x0000028b95574640 JavaThread "Sweeper thread" daemon [_thread_blocked, id=9148, stack(0x000000d303200000,0x000000d303300000)]
  0x0000028b961591b0 JavaThread "Notification Thread" daemon [_thread_blocked, id=24572, stack(0x000000d303500000,0x000000d303600000)]
  0x0000028b961621a0 JavaThread "Common-Cleaner" daemon [_thread_blocked, id=15316, stack(0x000000d303700000,0x000000d303800000)]
  0x0000028b981c3840 JavaThread "pool-5-thread-1" [_thread_blocked, id=24916, stack(0x000000d303b00000,0x000000d303c00000)]
  0x0000028b9814a0a0 JavaThread "LanguageServerApp-lifecycle" [_thread_blocked, id=6912, stack(0x000000d303c00000,0x000000d303d00000)]
  0x0000028b88c0b620 JavaThread "DestroyJavaVM" [_thread_blocked, id=18440, stack(0x000000d302400000,0x000000d302500000)]
  0x0000028b983132f0 JavaThread "pool-6-thread-1" [_thread_in_native, id=23800, stack(0x000000d303d00000,0x000000d303e00000)]
  0x0000028b96abc4f0 JavaThread "Simple-Language-Server main thread" daemon [_thread_blocked, id=9084, stack(0x000000d303e00000,0x000000d303f00000)]
  0x0000028b98363040 JavaThread "pool-7-thread-1" [_thread_blocked, id=17108, stack(0x000000d303f00000,0x000000d304000000)]
  0x0000028b98369550 JavaThread "Reconciler-1" [_thread_blocked, id=22576, stack(0x000000d304000000,0x000000d304100000)]
  0x0000028b9838a250 JavaThread "parallel-1" daemon [_thread_blocked, id=4964, stack(0x000000d304100000,0x000000d304200000)]
  0x0000028b983ea540 JavaThread "pool-2-thread-1" [_thread_blocked, id=23044, stack(0x000000d304500000,0x000000d304600000)]

Other Threads:
=>0x0000028b95516570 VMThread "VM Thread" [stack: 0x000000d302a00000,0x000000d302b00000] [id=7904]
  0x0000028b960dc9f0 WatcherThread [stack: 0x000000d303600000,0x000000d303700000] [id=22304]
  0x0000028b88c44740 GCTaskThread "GC Thread#0" [stack: 0x000000d302500000,0x000000d302600000] [id=12176]
  0x0000028b9677d730 GCTaskThread "GC Thread#1" [stack: 0x000000d303800000,0x000000d303900000] [id=9492]
  0x0000028b96814e10 GCTaskThread "GC Thread#2" [stack: 0x000000d303900000,0x000000d303a00000] [id=19004]
  0x0000028b968150c0 GCTaskThread "GC Thread#3" [stack: 0x000000d303a00000,0x000000d303b00000] [id=10568]
  0x0000028b88c55aa0 ConcurrentGCThread "G1 Main Marker" [stack: 0x000000d302600000,0x000000d302700000] [id=21372]
  0x0000028b88c563c0 ConcurrentGCThread "G1 Conc#0" [stack: 0x000000d302700000,0x000000d302800000] [id=24376]
  0x0000028b88cbb760 ConcurrentGCThread "G1 Refine#0" [stack: 0x000000d302800000,0x000000d302900000] [id=14884]
  0x0000028b88cbdfa0 ConcurrentGCThread "G1 Service" [stack: 0x000000d302900000,0x000000d302a00000] [id=19668]

Threads with active compile tasks:

VM state: at safepoint (normal execution)

VM Mutex/Monitor currently owned by a thread:  ([mutex/lock_event])
[0x0000028b86af5f10] Threads_lock - owner thread: 0x0000028b95516570
[0x0000028b88c08b30] Heap_lock - owner thread: 0x0000028b981c3840

Heap address: 0x0000000085800000, size: 1960 MB, Compressed Oops mode: 32-bit

CDS archive(s) not mapped
Compressed class space mapped at: 0x0000000100000000-0x0000000140000000, reserved size: 1073741824
Narrow klass base: 0x0000000000000000, Narrow klass shift: 3, Narrow klass range: 0x140000000

GC Precious Log:
 CPUs: 4 total, 4 available
 Memory: 7832M
 Large Page Support: Disabled
 NUMA Support: Disabled
 Compressed Oops: Enabled (32-bit)
 Heap Region Size: 1M
 Heap Min Capacity: 8M
 Heap Initial Capacity: 124M
 Heap Max Capacity: 1960M
 Pre-touch: Disabled
 Parallel Workers: 4
 Concurrent Workers: 1
 Concurrent Refinement Workers: 4
 Periodic GC: Disabled

Heap:
 garbage-first heap   total 37888K, used 18017K [0x0000000085800000, 0x0000000100000000)
  region size 1024K, 6 young (6144K), 0 survivors (0K)
 Metaspace       used 32931K, committed 33408K, reserved 1081344K
  class space    used 4306K, committed 4480K, reserved 1048576K

Heap Regions: E=young(eden), S=young(survivor), O=old, HS=humongous(starts), HC=humongous(continues), CS=collection set, F=free, OA=open archive, CA=closed archive, TAMS=top-at-mark-start (previous, next)
|   0|0x0000000085800000, 0x0000000085900000, 0x0000000085900000|100%| O|  |TAMS 0x0000000085900000, 0x0000000085800000| Untracked 
|   1|0x0000000085900000, 0x0000000085a00000, 0x0000000085a00000|100%| O|  |TAMS 0x0000000085a00000, 0x0000000085900000| Untracked 
|   2|0x0000000085a00000, 0x0000000085afffc0, 0x0000000085b00000| 99%| O|  |TAMS 0x0000000085afffc0, 0x0000000085a00000| Untracked 
|   3|0x0000000085b00000, 0x0000000085c00000, 0x0000000085c00000|100%| O|  |TAMS 0x0000000085c00000, 0x0000000085b00000| Untracked 
|   4|0x0000000085c00000, 0x0000000085d00000, 0x0000000085d00000|100%| O|  |TAMS 0x0000000085d00000, 0x0000000085c00000| Untracked 
|   5|0x0000000085d00000, 0x0000000085dffff0, 0x0000000085e00000| 99%| O|  |TAMS 0x0000000085dffff0, 0x0000000085d00000| Untracked 
|   6|0x0000000085e00000, 0x0000000085effff8, 0x0000000085f00000| 99%| O|  |TAMS 0x0000000085effff8, 0x0000000085e00000| Untracked 
|   7|0x0000000085f00000, 0x0000000085ffffe0, 0x0000000086000000| 99%| O|  |TAMS 0x0000000085ffffe0, 0x0000000085f00000| Untracked 
|   8|0x0000000086000000, 0x0000000086100000, 0x0000000086100000|100%| O|  |TAMS 0x0000000086100000, 0x0000000086000000| Untracked 
|   9|0x0000000086100000, 0x00000000861fa110, 0x0000000086200000| 97%| O|  |TAMS 0x00000000861fa110, 0x0000000086100000| Untracked 
|  10|0x0000000086200000, 0x000000008629d548, 0x0000000086300000| 61%| O|  |TAMS 0x0000000086200000, 0x0000000086200000| Untracked 
|  11|0x0000000086300000, 0x0000000086400000, 0x0000000086400000|100%| O|  |TAMS 0x0000000086400000, 0x0000000086300000| Untracked 
|  12|0x0000000086400000, 0x00000000864ffff8, 0x0000000086500000| 99%| O|  |TAMS 0x00000000864ffff8, 0x0000000086400000| Untracked 
|  13|0x0000000086500000, 0x00000000865010a0, 0x0000000086600000|  0%| O|  |TAMS 0x0000000086500000, 0x0000000086500000| Untracked 
|  14|0x0000000086600000, 0x0000000086600000, 0x0000000086700000|  0%| F|  |TAMS 0x0000000086600000, 0x0000000086600000| Untracked 
|  15|0x0000000086700000, 0x0000000086700000, 0x0000000086800000|  0%| F|  |TAMS 0x0000000086700000, 0x0000000086700000| Untracked 
|  16|0x0000000086800000, 0x0000000086800000, 0x0000000086900000|  0%| F|  |TAMS 0x0000000086800000, 0x0000000086800000| Untracked 
|  17|0x0000000086900000, 0x0000000086900000, 0x0000000086a00000|  0%| F|  |TAMS 0x0000000086900000, 0x0000000086900000| Untracked 
|  18|0x0000000086a00000, 0x0000000086a00000, 0x0000000086b00000|  0%| F|  |TAMS 0x0000000086a00000, 0x0000000086a00000| Untracked 
|  19|0x0000000086b00000, 0x0000000086b00000, 0x0000000086c00000|  0%| F|  |TAMS 0x0000000086b00000, 0x0000000086b00000| Untracked 
|  20|0x0000000086c00000, 0x0000000086c00000, 0x0000000086d00000|  0%| F|  |TAMS 0x0000000086c00000, 0x0000000086c00000| Untracked 
|  21|0x0000000086d00000, 0x0000000086d00000, 0x0000000086e00000|  0%| F|  |TAMS 0x0000000086d00000, 0x0000000086d00000| Untracked 
|  22|0x0000000086e00000, 0x0000000086e00000, 0x0000000086f00000|  0%| F|  |TAMS 0x0000000086e00000, 0x0000000086e00000| Untracked 
|  23|0x0000000086f00000, 0x0000000086f00000, 0x0000000087000000|  0%| F|  |TAMS 0x0000000086f00000, 0x0000000086f00000| Untracked 
|  24|0x0000000087000000, 0x0000000087000000, 0x0000000087100000|  0%| F|  |TAMS 0x0000000087000000, 0x0000000087000000| Untracked 
|  25|0x0000000087100000, 0x0000000087100000, 0x0000000087200000|  0%| F|  |TAMS 0x0000000087100000, 0x0000000087100000| Untracked 
|  26|0x0000000087200000, 0x0000000087200000, 0x0000000087300000|  0%| F|  |TAMS 0x0000000087200000, 0x0000000087200000| Untracked 
|  27|0x0000000087300000, 0x0000000087300000, 0x0000000087400000|  0%| F|  |TAMS 0x0000000087300000, 0x0000000087300000| Untracked 
|  28|0x0000000087400000, 0x0000000087400000, 0x0000000087500000|  0%| F|  |TAMS 0x0000000087400000, 0x0000000087400000| Untracked 
|  29|0x0000000087500000, 0x0000000087500000, 0x0000000087600000|  0%| F|  |TAMS 0x0000000087500000, 0x0000000087500000| Untracked 
|  30|0x0000000087600000, 0x0000000087600000, 0x0000000087700000|  0%| F|  |TAMS 0x0000000087600000, 0x0000000087600000| Untracked 
|  31|0x0000000087700000, 0x0000000087743540, 0x0000000087800000| 26%| E|  |TAMS 0x0000000087700000, 0x0000000087700000| Complete 
| 107|0x000000008c300000, 0x000000008c400000, 0x000000008c400000|100%| E|CS|TAMS 0x000000008c300000, 0x000000008c300000| Complete 
| 108|0x000000008c400000, 0x000000008c500000, 0x000000008c500000|100%| E|CS|TAMS 0x000000008c400000, 0x000000008c400000| Complete 
| 109|0x000000008c500000, 0x000000008c600000, 0x000000008c600000|100%| E|CS|TAMS 0x000000008c500000, 0x000000008c500000| Complete 
| 110|0x000000008c600000, 0x000000008c700000, 0x000000008c700000|100%| E|CS|TAMS 0x000000008c600000, 0x000000008c600000| Complete 
| 123|0x000000008d300000, 0x000000008d400000, 0x000000008d400000|100%| E|CS|TAMS 0x000000008d300000, 0x000000008d300000| Complete 

Card table byte_map: [0x0000028b8ec60000,0x0000028b8f040000] _byte_map_base: 0x0000028b8e834000

Marking Bits (Prev, Next): (CMBitMap*) 0x0000028b88c44ca0, (CMBitMap*) 0x0000028b88c44c60
 Prev Bits: [0x0000028b912c0000, 0x0000028b93160000)
 Next Bits: [0x0000028b8f420000, 0x0000028b912c0000)

Polling page: 0x0000028b86d90000

Metaspace:

Usage:
  Non-class:     27.95 MB used.
      Class:      4.21 MB used.
       Both:     32.16 MB used.

Virtual space:
  Non-class space:       32.00 MB reserved,      28.25 MB ( 88%) committed,  4 nodes.
      Class space:        1.00 GB reserved,       4.38 MB ( <1%) committed,  1 nodes.
             Both:        1.03 GB reserved,      32.62 MB (  3%) committed. 

Chunk freelists:
   Non-Class:  3.52 MB
       Class:  3.73 MB
        Both:  7.24 MB

MaxMetaspaceSize: unlimited
CompressedClassSpaceSize: 1.00 GB
Initial GC threshold: 21.00 MB
Current GC threshold: 54.38 MB
CDS: off
MetaspaceReclaimPolicy: balanced
 - commit_granule_bytes: 65536.
 - commit_granule_words: 8192.
 - virtual_space_node_default_size: 1048576.
 - enlarge_chunks_in_place: 1.
 - new_chunks_are_fully_committed: 0.
 - uncommit_free_chunks: 1.
 - use_allocation_guard: 0.
 - handle_deallocations: 1.


Internal statistics:

num_allocs_failed_limit: 3.
num_arena_births: 358.
num_arena_deaths: 118.
num_vsnodes_births: 5.
num_vsnodes_deaths: 0.
num_space_committed: 522.
num_space_uncommitted: 0.
num_chunks_returned_to_freelist: 126.
num_chunks_taken_from_freelist: 1310.
num_chunk_merges: 40.
num_chunk_splits: 889.
num_chunks_enlarged: 665.
num_purges: 8.
num_inconsistent_stats: 0.

CodeCache: size=49152Kb used=7456Kb max_used=8113Kb free=41695Kb
 bounds [0x0000028b8b880000, 0x0000028b8c070000, 0x0000028b8e880000]
 total_blobs=4522 nmethods=4019 adapters=430
 compilation: enabled
              stopped_count=0, restarted_count=0
 full_count=0

Compilation events (20 events):
Event: 70313.711 Thread 0x0000028b95573d40 4010       1       java.util.Calendar::internalGet (7 bytes)
Event: 70313.711 Thread 0x0000028b95573d40 nmethod 4010 0x0000028b8bff8990 code [0x0000028b8bff8b20, 0x0000028b8bff8c18]
Event: 70313.711 Thread 0x0000028b95573d40 4011       1       ch.qos.logback.core.pattern.Converter::write (11 bytes)
Event: 70313.713 Thread 0x0000028b95573d40 nmethod 4011 0x0000028b8bff8610 code [0x0000028b8bff87c0, 0x0000028b8bff88d8]
Event: 70313.713 Thread 0x0000028b95573d40 4012       1       ch.qos.logback.core.pattern.LiteralConverter::convert (5 bytes)
Event: 70313.713 Thread 0x0000028b95573d40 nmethod 4012 0x0000028b8bff8310 code [0x0000028b8bff84a0, 0x0000028b8bff8578]
Event: 77326.516 Thread 0x0000028b95573d40 4013       1       java.util.Calendar::getFirstDayOfWeek (5 bytes)
Event: 77326.530 Thread 0x0000028b95573d40 nmethod 4013 0x0000028b8bff8010 code [0x0000028b8bff81a0, 0x0000028b8bff8278]
Event: 77326.530 Thread 0x0000028b95573d40 4014       1       java.util.Calendar::getMinimalDaysInFirstWeek (5 bytes)
Event: 77326.531 Thread 0x0000028b95573d40 nmethod 4014 0x0000028b8bff7d10 code [0x0000028b8bff7ea0, 0x0000028b8bff7f78]
Event: 80687.240 Thread 0x0000028b95573d40 4015       1       java.util.concurrent.atomic.AtomicLong::get (5 bytes)
Event: 80687.244 Thread 0x0000028b95573d40 nmethod 4015 0x0000028b8bff7a10 code [0x0000028b8bff7ba0, 0x0000028b8bff7c78]
Event: 81305.038 Thread 0x0000028b95573d40 4016       1       java.util.Calendar::isFieldSet (14 bytes)
Event: 81305.041 Thread 0x0000028b95573d40 nmethod 4016 0x0000028b8bff7710 code [0x0000028b8bff78a0, 0x0000028b8bff7978]
Event: 81305.043 Thread 0x0000028b95573d40 4017       1       java.util.Calendar::complete (40 bytes)
Event: 81305.047 Thread 0x0000028b95573d40 nmethod 4017 0x0000028b8bff7310 code [0x0000028b8bff74c0, 0x0000028b8bff75f8]
Event: 81638.647 Thread 0x0000028b95573d40 4018       1       java.util.Calendar::get (10 bytes)
Event: 81638.671 Thread 0x0000028b95573d40 nmethod 4018 0x0000028b8bff6f10 code [0x0000028b8bff70a0, 0x0000028b8bff71c8]
Event: 81638.674 Thread 0x0000028b95573d40 4019       1       java.text.SimpleDateFormat::subFormat (1262 bytes)
Event: 81638.721 Thread 0x0000028b95573d40 nmethod 4019 0x0000028b8bff2490 code [0x0000028b8bff2a40, 0x0000028b8bff5168]

GC Heap History (20 events):
Event: 84216.395 GC heap before
{Heap before GC invocations=2066 (full 2052):
 garbage-first heap   total 37888K, used 15970K [0x0000000085800000, 0x0000000100000000)
  region size 1024K, 4 young (4096K), 0 survivors (0K)
 Metaspace       used 32931K, committed 33408K, reserved 1081344K
  class space    used 4306K, committed 4480K, reserved 1048576K
}
Event: 84216.441 GC heap after
{Heap after GC invocations=2067 (full 2053):
 garbage-first heap   total 37888K, used 12897K [0x0000000085800000, 0x0000000100000000)
  region size 1024K, 0 young (0K), 0 survivors (0K)
 Metaspace       used 32931K, committed 33408K, reserved 1081344K
  class space    used 4306K, committed 4480K, reserved 1048576K
}
Event: 84226.865 GC heap before
{Heap before GC invocations=2067 (full 2053):
 garbage-first heap   total 37888K, used 15969K [0x0000000085800000, 0x0000000100000000)
  region size 1024K, 4 young (4096K), 0 survivors (0K)
 Metaspace       used 32931K, committed 33408K, reserved 1081344K
  class space    used 4306K, committed 4480K, reserved 1048576K
}
Event: 84226.882 GC heap after
{Heap after GC invocations=2068 (full 2054):
 garbage-first heap   total 37888K, used 12897K [0x0000000085800000, 0x0000000100000000)
  region size 1024K, 0 young (0K), 0 survivors (0K)
 Metaspace       used 32931K, committed 33408K, reserved 1081344K
  class space    used 4306K, committed 4480K, reserved 1048576K
}
Event: 84237.100 GC heap before
{Heap before GC invocations=2068 (full 2054):
 garbage-first heap   total 37888K, used 15969K [0x0000000085800000, 0x0000000100000000)
  region size 1024K, 4 young (4096K), 0 survivors (0K)
 Metaspace       used 32931K, committed 33408K, reserved 1081344K
  class space    used 4306K, committed 4480K, reserved 1048576K
}
Event: 84237.118 GC heap after
{Heap after GC invocations=2069 (full 2055):
 garbage-first heap   total 37888K, used 12897K [0x0000000085800000, 0x0000000100000000)
  region size 1024K, 0 young (0K), 0 survivors (0K)
 Metaspace       used 32931K, committed 33408K, reserved 1081344K
  class space    used 4306K, committed 4480K, reserved 1048576K
}
Event: 84247.351 GC heap before
{Heap before GC invocations=2069 (full 2055):
 garbage-first heap   total 37888K, used 15969K [0x0000000085800000, 0x0000000100000000)
  region size 1024K, 4 young (4096K), 0 survivors (0K)
 Metaspace       used 32931K, committed 33408K, reserved 1081344K
  class space    used 4306K, committed 4480K, reserved 1048576K
}
Event: 84247.369 GC heap after
{Heap after GC invocations=2070 (full 2056):
 garbage-first heap   total 37888K, used 12897K [0x0000000085800000, 0x0000000100000000)
  region size 1024K, 0 young (0K), 0 survivors (0K)
 Metaspace       used 32931K, committed 33408K, reserved 1081344K
  class space    used 4306K, committed 4480K, reserved 1048576K
}
Event: 84257.547 GC heap before
{Heap before GC invocations=2070 (full 2056):
 garbage-first heap   total 37888K, used 15969K [0x0000000085800000, 0x0000000100000000)
  region size 1024K, 4 young (4096K), 0 survivors (0K)
 Metaspace       used 32931K, committed 33408K, reserved 1081344K
  class space    used 4306K, committed 4480K, reserved 1048576K
}
Event: 84257.586 GC heap after
{Heap after GC invocations=2071 (full 2057):
 garbage-first heap   total 37888K, used 12897K [0x0000000085800000, 0x0000000100000000)
  region size 1024K, 0 young (0K), 0 survivors (0K)
 Metaspace       used 32931K, committed 33408K, reserved 1081344K
  class space    used 4306K, committed 4480K, reserved 1048576K
}
Event: 84267.784 GC heap before
{Heap before GC invocations=2071 (full 2057):
 garbage-first heap   total 37888K, used 15969K [0x0000000085800000, 0x0000000100000000)
  region size 1024K, 4 young (4096K), 0 survivors (0K)
 Metaspace       used 32931K, committed 33408K, reserved 1081344K
  class space    used 4306K, committed 4480K, reserved 1048576K
}
Event: 84267.802 GC heap after
{Heap after GC invocations=2072 (full 2058):
 garbage-first heap   total 37888K, used 12897K [0x0000000085800000, 0x0000000100000000)
  region size 1024K, 0 young (0K), 0 survivors (0K)
 Metaspace       used 32931K, committed 33408K, reserved 1081344K
  class space    used 4306K, committed 4480K, reserved 1048576K
}
Event: 84278.006 GC heap before
{Heap before GC invocations=2072 (full 2058):
 garbage-first heap   total 37888K, used 15969K [0x0000000085800000, 0x0000000100000000)
  region size 1024K, 4 young (4096K), 0 survivors (0K)
 Metaspace       used 32931K, committed 33408K, reserved 1081344K
  class space    used 4306K, committed 4480K, reserved 1048576K
}
Event: 84278.025 GC heap after
{Heap after GC invocations=2073 (full 2059):
 garbage-first heap   total 37888K, used 12897K [0x0000000085800000, 0x0000000100000000)
  region size 1024K, 0 young (0K), 0 survivors (0K)
 Metaspace       used 32931K, committed 33408K, reserved 1081344K
  class space    used 4306K, committed 4480K, reserved 1048576K
}
Event: 84288.199 GC heap before
{Heap before GC invocations=2073 (full 2059):
 garbage-first heap   total 37888K, used 15969K [0x0000000085800000, 0x0000000100000000)
  region size 1024K, 4 young (4096K), 0 survivors (0K)
 Metaspace       used 32931K, committed 33408K, reserved 1081344K
  class space    used 4306K, committed 4480K, reserved 1048576K
}
Event: 84288.236 GC heap after
{Heap after GC invocations=2074 (full 2060):
 garbage-first heap   total 37888K, used 12897K [0x0000000085800000, 0x0000000100000000)
  region size 1024K, 0 young (0K), 0 survivors (0K)
 Metaspace       used 32931K, committed 33408K, reserved 1081344K
  class space    used 4306K, committed 4480K, reserved 1048576K
}
Event: 84298.387 GC heap before
{Heap before GC invocations=2074 (full 2060):
 garbage-first heap   total 37888K, used 15969K [0x0000000085800000, 0x0000000100000000)
  region size 1024K, 4 young (4096K), 0 survivors (0K)
 Metaspace       used 32931K, committed 33408K, reserved 1081344K
  class space    used 4306K, committed 4480K, reserved 1048576K
}
Event: 84298.406 GC heap after
{Heap after GC invocations=2075 (full 2061):
 garbage-first heap   total 37888K, used 12897K [0x0000000085800000, 0x0000000100000000)
  region size 1024K, 0 young (0K), 0 survivors (0K)
 Metaspace       used 32931K, committed 33408K, reserved 1081344K
  class space    used 4306K, committed 4480K, reserved 1048576K
}
Event: 84309.562 GC heap before
{Heap before GC invocations=2075 (full 2061):
 garbage-first heap   total 37888K, used 15969K [0x0000000085800000, 0x0000000100000000)
  region size 1024K, 4 young (4096K), 0 survivors (0K)
 Metaspace       used 32931K, committed 33408K, reserved 1081344K
  class space    used 4306K, committed 4480K, reserved 1048576K
}
Event: 84309.589 GC heap after
{Heap after GC invocations=2076 (full 2062):
 garbage-first heap   total 37888K, used 12897K [0x0000000085800000, 0x0000000100000000)
  region size 1024K, 0 young (0K), 0 survivors (0K)
 Metaspace       used 32931K, committed 33408K, reserved 1081344K
  class space    used 4306K, committed 4480K, reserved 1048576K
}

Deoptimization events (12 events):
Event: 3.019 Thread 0x0000028b88c0b620 DEOPT PACKING pc=0x0000028b8bbeeb75 sp=0x000000d3024fdc80
Event: 3.019 Thread 0x0000028b88c0b620 DEOPT UNPACKING pc=0x0000028b8b8d2b43 sp=0x000000d3024fd0f0 mode 3
Event: 5.644 Thread 0x0000028b88c0b620 DEOPT PACKING pc=0x0000028b8b9d8b19 sp=0x000000d3024fd4f0
Event: 5.644 Thread 0x0000028b88c0b620 DEOPT UNPACKING pc=0x0000028b8b8d2b43 sp=0x000000d3024fc9d0 mode 3
Event: 6.457 Thread 0x0000028b88c0b620 DEOPT PACKING pc=0x0000028b8ba38875 sp=0x000000d3024fe380
Event: 6.457 Thread 0x0000028b88c0b620 DEOPT UNPACKING pc=0x0000028b8b8d2b43 sp=0x000000d3024fd7f0 mode 3
Event: 8.685 Thread 0x0000028b96abc4f0 DEOPT PACKING pc=0x0000028b8bee9235 sp=0x000000d303efda30
Event: 8.685 Thread 0x0000028b96abc4f0 DEOPT UNPACKING pc=0x0000028b8b8d2b43 sp=0x000000d303efcf58 mode 3
Event: 9.035 Thread 0x0000028b983132f0 DEOPT PACKING pc=0x0000028b8b9c6881 sp=0x000000d303dfd8a0
Event: 9.035 Thread 0x0000028b983132f0 DEOPT UNPACKING pc=0x0000028b8b8d2b43 sp=0x000000d303dfcd30 mode 3
Event: 69752.325 Thread 0x0000028b983132f0 DEOPT PACKING pc=0x0000028b8be0e2d4 sp=0x000000d303dfeda0
Event: 69752.328 Thread 0x0000028b983132f0 DEOPT UNPACKING pc=0x0000028b8b8d2b43 sp=0x000000d303dfe248 mode 0

Classes unloaded (20 events):
Event: 48.851 Thread 0x0000028b95516570 Unloading class 0x00000001000c8800 'java/lang/invoke/LambdaForm$MH+0x00000001000c8800'
Event: 48.851 Thread 0x0000028b95516570 Unloading class 0x00000001000c8000 'java/lang/invoke/LambdaForm$MH+0x00000001000c8000'
Event: 59.033 Thread 0x0000028b95516570 Unloading class 0x0000000100452400 'java/lang/invoke/LambdaForm$MH+0x0000000100452400'
Event: 59.033 Thread 0x0000028b95516570 Unloading class 0x0000000100451c00 'java/lang/invoke/LambdaForm$MH+0x0000000100451c00'
Event: 59.034 Thread 0x0000028b95516570 Unloading class 0x0000000100451800 'java/lang/invoke/LambdaForm$MH+0x0000000100451800'
Event: 59.034 Thread 0x0000028b95516570 Unloading class 0x0000000100451400 'java/lang/invoke/LambdaForm$MH+0x0000000100451400'
Event: 59.034 Thread 0x0000028b95516570 Unloading class 0x0000000100450c00 'java/lang/invoke/LambdaForm$MH+0x0000000100450c00'
Event: 59.034 Thread 0x0000028b95516570 Unloading class 0x0000000100450800 'java/lang/invoke/LambdaForm$MH+0x0000000100450800'
Event: 59.034 Thread 0x0000028b95516570 Unloading class 0x00000001003fc000 'java/lang/invoke/LambdaForm$MH+0x00000001003fc000'
Event: 59.034 Thread 0x0000028b95516570 Unloading class 0x00000001002e1800 'java/lang/invoke/LambdaForm$MH+0x00000001002e1800'
Event: 69.200 Thread 0x0000028b95516570 Unloading class 0x00000001003d9400 'java/lang/invoke/LambdaForm$MH+0x00000001003d9400'
Event: 69.200 Thread 0x0000028b95516570 Unloading class 0x00000001003d9000 'java/lang/invoke/LambdaForm$MH+0x00000001003d9000'
Event: 69.200 Thread 0x0000028b95516570 Unloading class 0x00000001003d8c00 'java/lang/invoke/LambdaForm$MH+0x00000001003d8c00'
Event: 69.200 Thread 0x0000028b95516570 Unloading class 0x00000001003d8800 'java/lang/invoke/LambdaForm$MH+0x00000001003d8800'
Event: 69.200 Thread 0x0000028b95516570 Unloading class 0x00000001003d8400 'java/lang/invoke/LambdaForm$MH+0x00000001003d8400'
Event: 69.200 Thread 0x0000028b95516570 Unloading class 0x00000001003d8000 'java/lang/invoke/LambdaForm$MH+0x00000001003d8000'
Event: 69.200 Thread 0x0000028b95516570 Unloading class 0x00000001002e1400 'java/lang/invoke/LambdaForm$MH+0x00000001002e1400'
Event: 69802.390 Thread 0x0000028b95516570 Unloading class 0x0000000100451400 'java/lang/invoke/LambdaForm$MH+0x0000000100451400'
Event: 69802.391 Thread 0x0000028b95516570 Unloading class 0x0000000100452400 'java/lang/invoke/LambdaForm$MH+0x0000000100452400'
Event: 69802.391 Thread 0x0000028b95516570 Unloading class 0x00000001002e1400 'java/lang/invoke/LambdaForm$MH+0x00000001002e1400'

Classes redefined (0 events):
No events

Internal exceptions (20 events):
Event: 7.419 Thread 0x0000028b88c0b620 Exception <a 'java/lang/NoSuchMethodError'{0x000000008d3eb9c8}: 'void java.lang.invoke.DirectMethodHandle$Holder.invokeVirtual(java.lang.Object, java.lang.Object)'> (0x000000008d3eb9c8) 
thrown [e:\jenkins\tmp\workspace\build\src\src\hotspot\share\interpreter\linkResolver.cpp, line 766]
Event: 7.629 Thread 0x0000028b88c0b620 Exception <a 'java/lang/NoSuchMethodError'{0x000000008c3b5878}: 'int java.lang.invoke.DirectMethodHandle$Holder.invokeSpecial(java.lang.Object, java.lang.Object, java.lang.Object, java.lang.Object, java.lang.Object)'> (0x000000008c3b5878) 
thrown [e:\jenkins\tmp\workspace\build\src\src\hotspot\share\interpreter\linkResolver.cpp, line 766]
Event: 8.244 Thread 0x0000028b88c0b620 Exception <a 'java/lang/IncompatibleClassChangeError'{0x00000000876d1250}: Found class java.lang.Object, but interface was expected> (0x00000000876d1250) 
thrown [e:\jenkins\tmp\workspace\build\src\src\hotspot\share\interpreter\linkResolver.cpp, line 833]
Event: 8.249 Thread 0x0000028b88c0b620 Exception <a 'java/lang/NoSuchMethodError'{0x0000000087509ec8}: 'java.lang.Object java.lang.invoke.DirectMethodHandle$Holder.invokeVirtual(java.lang.Object, java.lang.Object, java.lang.Object, java.lang.Object)'> (0x0000000087509ec8) 
thrown [e:\jenkins\tmp\workspace\build\src\src\hotspot\share\interpreter\linkResolver.cpp, line 766]
Event: 8.399 Thread 0x0000028b88c0b620 Exception <a 'java/lang/NoSuchMethodError'{0x000000008734ad60}: 'java.lang.Object java.lang.invoke.DirectMethodHandle$Holder.newInvokeSpecial(java.lang.Object, java.lang.Object, int, java.lang.Object, java.lang.Object)'> (0x000000008734ad60) 
thrown [e:\jenkins\tmp\workspace\build\src\src\hotspot\share\interpreter\linkResolver.cpp, line 766]
Event: 8.677 Thread 0x0000028b983132f0 Exception <a 'java/lang/NoSuchMethodError'{0x000000008c42b0e8}: 'java.lang.Object java.lang.invoke.DirectMethodHandle$Holder.invokeStatic(java.lang.Object, java.lang.Object, java.lang.Object, int, java.lang.Object, java.lang.Object)'> (0x000000008c42b0e8) 
thrown [e:\jenkins\tmp\workspace\build\src\src\hotspot\share\interpreter\linkResolver.cpp, line 766]
Event: 8.681 Thread 0x0000028b96abc4f0 Exception <a 'java/lang/NoSuchMethodError'{0x000000008c461a40}: 'java.lang.Object java.lang.invoke.DirectMethodHandle$Holder.invokeStatic(java.lang.Object, int, java.lang.Object)'> (0x000000008c461a40) 
thrown [e:\jenkins\tmp\workspace\build\src\src\hotspot\share\interpreter\linkResolver.cpp, line 766]
Event: 8.793 Thread 0x0000028b96abc4f0 Exception <a 'java/lang/NoSuchMethodError'{0x00000000873da270}: 'int java.lang.invoke.DirectMethodHandle$Holder.invokeStatic(java.lang.Object)'> (0x00000000873da270) 
thrown [e:\jenkins\tmp\workspace\build\src\src\hotspot\share\interpreter\linkResolver.cpp, line 766]
Event: 8.793 Thread 0x0000028b96abc4f0 Exception <a 'java/lang/NoSuchMethodError'{0x00000000873dd9c8}: 'int java.lang.invoke.DirectMethodHandle$Holder.invokeStaticInit(java.lang.Object)'> (0x00000000873dd9c8) 
thrown [e:\jenkins\tmp\workspace\build\src\src\hotspot\share\interpreter\linkResolver.cpp, line 766]
Event: 8.833 Thread 0x0000028b98363040 Exception <a 'java/lang/NoSuchMethodError'{0x0000000087461468}: 'java.lang.Object java.lang.invoke.DirectMethodHandle$Holder.invokeInterface(java.lang.Object, java.lang.Object, java.lang.Object)'> (0x0000000087461468) 
thrown [e:\jenkins\tmp\workspace\build\src\src\hotspot\share\interpreter\linkResolver.cpp, line 766]
Event: 8.852 Thread 0x0000028b98391800 Exception <a 'java/lang/NoSuchMethodError'{0x00000000872f3350}: 'java.lang.Object java.lang.invoke.DirectMethodHandle$Holder.invokeStatic(java.lang.Object, java.lang.Object, long, java.lang.Object)'> (0x00000000872f3350) 
thrown [e:\jenkins\tmp\workspace\build\src\src\hotspot\share\interpreter\linkResolver.cpp, line 766]
Event: 8.852 Thread 0x0000028b98391800 Exception <a 'java/lang/NoSuchMethodError'{0x000000008718cdc0}: 'java.lang.Object java.lang.invoke.DirectMethodHandle$Holder.invokeStaticInit(java.lang.Object, java.lang.Object, long, java.lang.Object)'> (0x000000008718cdc0) 
thrown [e:\jenkins\tmp\workspace\build\src\src\hotspot\share\interpreter\linkResolver.cpp, line 766]
Event: 8.852 Thread 0x0000028b98391800 Exception <a 'java/lang/NoSuchMethodError'{0x00000000871930f0}: 'java.lang.Object java.lang.invoke.DirectMethodHandle$Holder.newInvokeSpecial(java.lang.Object, java.lang.Object, long)'> (0x00000000871930f0) 
thrown [e:\jenkins\tmp\workspace\build\src\src\hotspot\share\interpreter\linkResolver.cpp, line 766]
Event: 8.853 Thread 0x0000028b98391800 Exception <a 'java/lang/NoSuchMethodError'{0x0000000087196c60}: 'java.lang.Object java.lang.invoke.Invokers$Holder.linkToTargetMethod(java.lang.Object, long, java.lang.Object)'> (0x0000000087196c60) 
thrown [e:\jenkins\tmp\workspace\build\src\src\hotspot\share\interpreter\linkResolver.cpp, line 766]
Event: 8.854 Thread 0x0000028b983ed560 Exception <a 'java/io/IOException'{0x000000008715f860}> (0x000000008715f860) 
thrown [e:\jenkins\tmp\workspace\build\src\src\hotspot\share\prims\jni.cpp, line 516]
Event: 9.333 Thread 0x0000028b96abc4f0 Exception <a 'java/lang/NoSuchMethodError'{0x0000000087374070}: 'java.lang.Object java.lang.invoke.Invokers$Holder.invoke_MT(java.lang.Object, java.lang.Object, java.lang.Object)'> (0x0000000087374070) 
thrown [e:\jenkins\tmp\workspace\build\src\src\hotspot\share\interpreter\linkResolver.cpp, line 766]
Event: 9.394 Thread 0x0000028b96abc4f0 Exception <a 'java/lang/NoSuchMethodError'{0x000000008c571040}: 'java.lang.Object java.lang.invoke.DirectMethodHandle$Holder.newInvokeSpecial(java.lang.Object, java.lang.Object, int)'> (0x000000008c571040) 
thrown [e:\jenkins\tmp\workspace\build\src\src\hotspot\share\interpreter\linkResolver.cpp, line 766]
Event: 14.209 Thread 0x0000028b983eaa10 Exception <a 'java/io/IOException'{0x00000000876cda40}> (0x00000000876cda40) 
thrown [e:\jenkins\tmp\workspace\build\src\src\hotspot\share\prims\jni.cpp, line 516]
Event: 48.492 Thread 0x0000028b981c3840 Exception <a 'java/lang/NoSuchMethodError'{0x000000008c4ad970}: 'void java.lang.invoke.DirectMethodHandle$Holder.invokeStatic(java.lang.Object, long)'> (0x000000008c4ad970) 
thrown [e:\jenkins\tmp\workspace\build\src\src\hotspot\share\interpreter\linkResolver.cpp, line 766]
Event: 48.492 Thread 0x0000028b981c3840 Exception <a 'java/lang/NoSuchMethodError'{0x00000000875ac868}: 'java.lang.Object java.lang.invoke.DirectMethodHandle$Holder.newInvokeSpecial(java.lang.Object, long)'> (0x00000000875ac868) 
thrown [e:\jenkins\tmp\workspace\build\src\src\hotspot\share\interpreter\linkResolver.cpp, line 766]

VM Operations (20 events):
Event: 84216.441 Executing VM operation: G1CollectFull done
Event: 84226.864 Executing VM operation: G1CollectFull
Event: 84226.882 Executing VM operation: G1CollectFull done
Event: 84237.100 Executing VM operation: G1CollectFull
Event: 84237.118 Executing VM operation: G1CollectFull done
Event: 84247.351 Executing VM operation: G1CollectFull
Event: 84247.369 Executing VM operation: G1CollectFull done
Event: 84257.547 Executing VM operation: G1CollectFull
Event: 84257.587 Executing VM operation: G1CollectFull done
Event: 84267.784 Executing VM operation: G1CollectFull
Event: 84267.802 Executing VM operation: G1CollectFull done
Event: 84278.006 Executing VM operation: G1CollectFull
Event: 84278.025 Executing VM operation: G1CollectFull done
Event: 84288.198 Executing VM operation: G1CollectFull
Event: 84288.236 Executing VM operation: G1CollectFull done
Event: 84298.387 Executing VM operation: G1CollectFull
Event: 84298.406 Executing VM operation: G1CollectFull done
Event: 84309.562 Executing VM operation: G1CollectFull
Event: 84309.589 Executing VM operation: G1CollectFull done
Event: 84321.276 Executing VM operation: G1CollectFull

Events (20 events):
Event: 69981.134 Thread 0x0000028b983eb880 Thread added: 0x0000028b983eb880
Event: 69981.140 Thread 0x0000028b983eaa10 Thread added: 0x0000028b983eaa10
Event: 70044.491 Thread 0x0000028b983eaa10 Thread exited: 0x0000028b983eaa10
Event: 70104.498 Thread 0x0000028b983eb880 Thread exited: 0x0000028b983eb880
Event: 70298.558 Thread 0x0000028b983eaee0 Thread added: 0x0000028b983eaee0
Event: 70358.602 Thread 0x0000028b983eaee0 Thread exited: 0x0000028b983eaee0
Event: 70816.434 Thread 0x0000028b983ec220 Thread added: 0x0000028b983ec220
Event: 70886.537 Thread 0x0000028b983ec220 Thread exited: 0x0000028b983ec220
Event: 73510.114 Thread 0x0000028b983eb3b0 Thread added: 0x0000028b983eb3b0
Event: 73571.082 Thread 0x0000028b983eb3b0 Thread exited: 0x0000028b983eb3b0
Event: 77412.197 Thread 0x0000028b983ed560 Thread added: 0x0000028b983ed560
Event: 77492.704 Thread 0x0000028b983ed560 Thread exited: 0x0000028b983ed560
Event: 77558.680 Thread 0x0000028b983eda30 Thread added: 0x0000028b983eda30
Event: 77694.266 Thread 0x0000028b983eda30 Thread exited: 0x0000028b983eda30
Event: 77835.810 Thread 0x0000028b983ec220 Thread added: 0x0000028b983ec220
Event: 77921.148 Thread 0x0000028b983ec220 Thread exited: 0x0000028b983ec220
Event: 80666.817 Thread 0x0000028b983eaee0 Thread added: 0x0000028b983eaee0
Event: 80747.255 Thread 0x0000028b983eaee0 Thread exited: 0x0000028b983eaee0
Event: 81597.260 Thread 0x0000028b983eaee0 Thread added: 0x0000028b983eaee0
Event: 81683.561 Thread 0x0000028b983eaee0 Thread exited: 0x0000028b983eaee0


Dynamic libraries:
0x00007ff688d30000 - 0x00007ff688d3e000 	c:\Users\taco7\.vscode\extensions\redhat.java-1.4.0\jre\17.0.2-win32-x86_64\bin\java.exe
0x00007ffdb8bb0000 - 0x00007ffdb8da5000 	C:\WINDOWS\SYSTEM32\ntdll.dll
0x00007ffdb8a10000 - 0x00007ffdb8ace000 	C:\WINDOWS\System32\KERNEL32.DLL
0x00007ffdb6300000 - 0x00007ffdb65c8000 	C:\WINDOWS\System32\KERNELBASE.dll
0x00007ffdb3500000 - 0x00007ffdb3590000 	C:\WINDOWS\SYSTEM32\apphelp.dll
0x00007ffdb67b0000 - 0x00007ffdb68b0000 	C:\WINDOWS\System32\ucrtbase.dll
0x00007ffd9c520000 - 0x00007ffd9c539000 	c:\Users\taco7\.vscode\extensions\redhat.java-1.4.0\jre\17.0.2-win32-x86_64\bin\VCRUNTIME140.dll
0x00007ffd9ffa0000 - 0x00007ffd9ffb8000 	c:\Users\taco7\.vscode\extensions\redhat.java-1.4.0\jre\17.0.2-win32-x86_64\bin\jli.dll
0x00007ffdb71c0000 - 0x00007ffdb7360000 	C:\WINDOWS\System32\USER32.dll
0x00007ffdb62d0000 - 0x00007ffdb62f2000 	C:\WINDOWS\System32\win32u.dll
0x00007ffda9550000 - 0x00007ffda97ea000 	C:\WINDOWS\WinSxS\amd64_microsoft.windows.common-controls_6595b64144ccf1df_6.0.19041.1110_none_60b5254171f9507e\COMCTL32.dll
0x00007ffdb6c10000 - 0x00007ffdb6c3b000 	C:\WINDOWS\System32\GDI32.dll
0x00007ffdb70b0000 - 0x00007ffdb714e000 	C:\WINDOWS\System32\msvcrt.dll
0x00007ffdb6600000 - 0x00007ffdb670b000 	C:\WINDOWS\System32\gdi32full.dll
0x00007ffdb6710000 - 0x00007ffdb67ad000 	C:\WINDOWS\System32\msvcp_win.dll
0x00007ffdb75b0000 - 0x00007ffdb75e0000 	C:\WINDOWS\System32\IMM32.DLL
0x00007ffdab190000 - 0x00007ffdab19c000 	c:\Users\taco7\.vscode\extensions\redhat.java-1.4.0\jre\17.0.2-win32-x86_64\bin\vcruntime140_1.dll
0x00007ffd961d0000 - 0x00007ffd96261000 	c:\Users\taco7\.vscode\extensions\redhat.java-1.4.0\jre\17.0.2-win32-x86_64\bin\msvcp140.dll
0x00007ffd6d100000 - 0x00007ffd6dd47000 	c:\Users\taco7\.vscode\extensions\redhat.java-1.4.0\jre\17.0.2-win32-x86_64\bin\server\jvm.dll
0x00007ffdb7500000 - 0x00007ffdb75ae000 	C:\WINDOWS\System32\ADVAPI32.dll
0x00007ffdb8ad0000 - 0x00007ffdb8b6c000 	C:\WINDOWS\System32\sechost.dll
0x00007ffdb7ad0000 - 0x00007ffdb7bf5000 	C:\WINDOWS\System32\RPCRT4.dll
0x00007ffdb75e0000 - 0x00007ffdb75e8000 	C:\WINDOWS\System32\PSAPI.DLL
0x00007ffda85b0000 - 0x00007ffda85b9000 	C:\WINDOWS\SYSTEM32\WSOCK32.dll
0x00007ffdaaf70000 - 0x00007ffdaaf97000 	C:\WINDOWS\SYSTEM32\WINMM.dll
0x00007ffdb7150000 - 0x00007ffdb71bb000 	C:\WINDOWS\System32\WS2_32.dll
0x00007ffdb0470000 - 0x00007ffdb047a000 	C:\WINDOWS\SYSTEM32\VERSION.dll
0x00007ffdb4b80000 - 0x00007ffdb4b92000 	C:\WINDOWS\SYSTEM32\kernel.appcore.dll
0x00007ffd9ffe0000 - 0x00007ffd9ffea000 	c:\Users\taco7\.vscode\extensions\redhat.java-1.4.0\jre\17.0.2-win32-x86_64\bin\jimage.dll
0x00007ffdb4830000 - 0x00007ffdb4a14000 	C:\WINDOWS\SYSTEM32\DBGHELP.DLL
0x00007ffdad480000 - 0x00007ffdad4ac000 	C:\WINDOWS\SYSTEM32\dbgcore.DLL
0x00007ffdb6970000 - 0x00007ffdb69f2000 	C:\WINDOWS\System32\bcryptPrimitives.dll
0x00007ffd961a0000 - 0x00007ffd961c5000 	c:\Users\taco7\.vscode\extensions\redhat.java-1.4.0\jre\17.0.2-win32-x86_64\bin\java.dll
0x00007ffd96180000 - 0x00007ffd96198000 	c:\Users\taco7\.vscode\extensions\redhat.java-1.4.0\jre\17.0.2-win32-x86_64\bin\zip.dll
0x00007ffdb7f60000 - 0x00007ffdb86a4000 	C:\WINDOWS\System32\SHELL32.dll
0x00007ffdb3fd0000 - 0x00007ffdb4764000 	C:\WINDOWS\SYSTEM32\windows.storage.dll
0x00007ffdb7c00000 - 0x00007ffdb7f54000 	C:\WINDOWS\System32\combase.dll
0x00007ffdb5c50000 - 0x00007ffdb5c7c000 	C:\WINDOWS\SYSTEM32\Wldp.dll
0x00007ffdb8880000 - 0x00007ffdb892d000 	C:\WINDOWS\System32\SHCORE.dll
0x00007ffdb8930000 - 0x00007ffdb8985000 	C:\WINDOWS\System32\shlwapi.dll
0x00007ffdb6210000 - 0x00007ffdb622f000 	C:\WINDOWS\SYSTEM32\profapi.dll
0x00007ffd960a0000 - 0x00007ffd960b9000 	C:\Users\taco7\.vscode\extensions\redhat.java-1.4.0\jre\17.0.2-win32-x86_64\bin\net.dll
0x00007ffdaa4a0000 - 0x00007ffdaa5a9000 	C:\WINDOWS\SYSTEM32\WINHTTP.dll
0x00007ffdb5a30000 - 0x00007ffdb5a9a000 	C:\WINDOWS\system32\mswsock.dll
0x00007ffd96080000 - 0x00007ffd96095000 	C:\Users\taco7\.vscode\extensions\redhat.java-1.4.0\jre\17.0.2-win32-x86_64\bin\nio.dll
0x00007ffd9ff50000 - 0x00007ffd9ff60000 	c:\Users\taco7\.vscode\extensions\redhat.java-1.4.0\jre\17.0.2-win32-x86_64\bin\verify.dll
0x00007ffd9c600000 - 0x00007ffd9c609000 	C:\Users\taco7\.vscode\extensions\redhat.java-1.4.0\jre\17.0.2-win32-x86_64\bin\management.dll
0x00007ffd97920000 - 0x00007ffd9792b000 	C:\Users\taco7\.vscode\extensions\redhat.java-1.4.0\jre\17.0.2-win32-x86_64\bin\management_ext.dll
0x00007ffd92620000 - 0x00007ffd92637000 	C:\WINDOWS\system32\napinsp.dll
0x00007ffd92600000 - 0x00007ffd9261b000 	C:\WINDOWS\system32\pnrpnsp.dll
0x00007ffdb0ae0000 - 0x00007ffdb0af5000 	C:\WINDOWS\system32\wshbth.dll
0x00007ffdaee90000 - 0x00007ffdaeead000 	C:\WINDOWS\system32\NLAapi.dll
0x00007ffdb56f0000 - 0x00007ffdb572b000 	C:\WINDOWS\SYSTEM32\IPHLPAPI.DLL
0x00007ffdb5740000 - 0x00007ffdb580a000 	C:\WINDOWS\SYSTEM32\DNSAPI.dll
0x00007ffdb77e0000 - 0x00007ffdb77e8000 	C:\WINDOWS\System32\NSI.dll
0x00007ffd925b0000 - 0x00007ffd925c2000 	C:\WINDOWS\System32\winrnr.dll
0x00007ffdaa070000 - 0x00007ffdaa07a000 	C:\Windows\System32\rasadhlp.dll
0x00007ffdaa130000 - 0x00007ffdaa1af000 	C:\WINDOWS\System32\fwpuclnt.dll
0x00007ffdb65d0000 - 0x00007ffdb65f7000 	C:\WINDOWS\System32\bcrypt.dll
0x00007ffdb5f80000 - 0x00007ffdb5f98000 	C:\WINDOWS\SYSTEM32\CRYPTSP.dll
0x00007ffdb5360000 - 0x00007ffdb5394000 	C:\WINDOWS\system32\rsaenh.dll
0x00007ffdb6190000 - 0x00007ffdb61be000 	C:\WINDOWS\SYSTEM32\USERENV.dll
0x00007ffdb5bc0000 - 0x00007ffdb5bcc000 	C:\WINDOWS\SYSTEM32\CRYPTBASE.dll
0x00007ffdab5f0000 - 0x00007ffdab607000 	C:\WINDOWS\SYSTEM32\dhcpcsvc6.DLL
0x00007ffdabe70000 - 0x00007ffdabe8d000 	C:\WINDOWS\SYSTEM32\dhcpcsvc.DLL
0x00007ffd96170000 - 0x00007ffd96179000 	C:\Users\taco7\.vscode\extensions\redhat.java-1.4.0\jre\17.0.2-win32-x86_64\bin\attach.dll

dbghelp: loaded successfully - version: 4.0.5 - missing functions: none
symbol engine: initialized successfully - sym options: 0x614 - pdb path: .;c:\Users\taco7\.vscode\extensions\redhat.java-1.4.0\jre\17.0.2-win32-x86_64\bin;C:\WINDOWS\SYSTEM32;C:\WINDOWS\WinSxS\amd64_microsoft.windows.common-controls_6595b64144ccf1df_6.0.19041.1110_none_60b5254171f9507e;c:\Users\taco7\.vscode\extensions\redhat.java-1.4.0\jre\17.0.2-win32-x86_64\bin\server

VM Arguments:
jvm_args: -Dsts.lsp.client=vscode -Dsts.log.file=/dev/null -XX:TieredStopAtLevel=1 -Dspring.config.location=file:c:\Users\taco7\.vscode\extensions\pivotal.vscode-spring-boot-1.32.0\language-server\BOOT-INF\classes\application.properties 
java_command: org.springframework.ide.vscode.boot.app.BootLanguageServerBootApp
java_class_path (initial): c:\Users\taco7\.vscode\extensions\pivotal.vscode-spring-boot-1.32.0\language-server\BOOT-INF\classes;c:\Users\taco7\.vscode\extensions\pivotal.vscode-spring-boot-1.32.0\language-server\BOOT-INF\lib\antlr4-runtime-4.5.3.jar;c:\Users\taco7\.vscode\extensions\pivotal.vscode-spring-boot-1.32.0\language-server\BOOT-INF\lib\byte-buddy-1.10.18.jar;c:\Users\taco7\.vscode\extensions\pivotal.vscode-spring-boot-1.32.0\language-server\BOOT-INF\lib\commons-codec-1.14.jar;c:\Users\taco7\.vscode\extensions\pivotal.vscode-spring-boot-1.32.0\language-server\BOOT-INF\lib\commons-io-2.4.jar;c:\Users\taco7\.vscode\extensions\pivotal.vscode-spring-boot-1.32.0\language-server\BOOT-INF\lib\commons-java-1.32.0-SNAPSHOT.jar;c:\Users\taco7\.vscode\extensions\pivotal.vscode-spring-boot-1.32.0\language-server\BOOT-INF\lib\commons-lang3-3.10.jar;c:\Users\taco7\.vscode\extensions\pivotal.vscode-spring-boot-1.32.0\language-server\BOOT-INF\lib\commons-language-server-1.32.0-SNAPSHOT.jar;c:\Users\taco7\.vscode\extensions\pivotal.vscode-spring-boot-1.32.0\language-server\BOOT-INF\lib\commons-lsp-extensions-1.32.0-SNAPSHOT.jar;c:\Users\taco7\.vscode\extensions\pivotal.vscode-spring-boot-1.32.0\language-server\BOOT-INF\lib\commons-util-1.32.0-SNAPSHOT.jar;c:\Users\taco7\.vscode\extensions\pivotal.vscode-spring-boot-1.32.0\language-server\BOOT-INF\lib\commons-yaml-1.32.0-SNAPSHOT.jar;c:\Users\taco7\.vscode\extensions\pivotal.vscode-spring-boot-1.32.0\language-server\BOOT-INF\lib\gson-2.8.6.jar;c:\Users\taco7\.vscode\extensions\pivotal.vscode-spring-boot-1.32.0\language-server\BOOT-INF\lib\guava-19.0.jar;c:\Users\taco7\.vscode\extensions\pivotal.vscode-spring-boot-1.32.0\language-server\BOOT-INF\lib\jakarta.annotation-api-1.3.5.jar;c:\Users\taco7\.vscode\extensions\pivotal.vscode-spring-boot-1.32.0\language-server\BOOT-INF\lib\jandex-2.0.5.Final.jar;c:\Users\taco7\.vscode\extensions\pivotal.vscode-spring-boot-1.32.0\language-server\BOOT-INF\lib\java-properties-1.32.0-SNAPSHO
Launcher Type: SUN_STANDARD

[Global flags]
     intx CICompilerCount                          = 3                                         {product} {ergonomic}
     uint ConcGCThreads                            = 1                                         {product} {ergonomic}
     uint G1ConcRefinementThreads                  = 4                                         {product} {ergonomic}
   size_t G1HeapRegionSize                         = 1048576                                   {product} {ergonomic}
    uintx GCDrainStackTargetSize                   = 64                                        {product} {ergonomic}
   size_t InitialHeapSize                          = 130023424                                 {product} {ergonomic}
   size_t MarkStackSize                            = 4194304                                   {product} {ergonomic}
   size_t MaxHeapSize                              = 2055208960                                {product} {ergonomic}
   size_t MaxNewSize                               = 1233125376                                {product} {ergonomic}
   size_t MinHeapDeltaBytes                        = 1048576                                   {product} {ergonomic}
   size_t MinHeapSize                              = 8388608                                   {product} {ergonomic}
    uintx NonProfiledCodeHeapSize                  = 0                                      {pd product} {ergonomic}
     bool ProfileInterpreter                       = false                                  {pd product} {command line}
    uintx ProfiledCodeHeapSize                     = 0                                      {pd product} {ergonomic}
   size_t SoftMaxHeapSize                          = 2055208960                             {manageable} {ergonomic}
     intx TieredStopAtLevel                        = 1                                         {product} {command line}
     bool UseCompressedClassPointers               = true                           {product lp64_product} {ergonomic}
     bool UseCompressedOops                        = true                           {product lp64_product} {ergonomic}
     bool UseG1GC                                  = true                                      {product} {ergonomic}
     bool UseLargePagesIndividualAllocation        = false                                  {pd product} {ergonomic}

Logging:
Log output configuration:
 #0: stdout all=warning uptime,level,tags
 #1: stderr all=off uptime,level,tags

Environment Variables:
JAVA_HOME=C:\Program Files\Java\jdk-17.0.2
PATH=C:\Program Files (x86)\Microsoft SDKs\Azure\CLI2\wbin;C:\Program Files\apache-maven-3.8.4\bin;C:\Program Files\Java\jdk-17.0.2\bin;C:\Python310\Scripts\;C:\Python310\;C:\Python39\Scripts\;C:\Python39\;C:\Program Files\Common Files\Oracle\Java\javapath;C:\Program Files (x86)\Common Files\Oracle\Java\javapath;C:\Windows\system32;C:\Windows;C:\Windows\System32\Wbem;C:\Windows\System32\WindowsPowerShell\v1.0\;C:\Windows\System32\OpenSSH\;C:\Program Files\Intel\WiFi\bin\;C:\Program Files\Common Files\Intel\WirelessCommon\;C:\Program Files (x86)\NVIDIA Corporation\PhysX\Common;C:\Program Files\NVIDIA Corporation\NVIDIA NvDLISR;C:\Program Files\PuTTY\;C:\Program Files\Git\cmd;D:\Program Files\Brackets\command;C:\ProgramData\chocolatey\bin;C:\WINDOWS\system32;C:\WINDOWS;C:\WINDOWS\System32\Wbem;C:\WINDOWS\System32\WindowsPowerShell\v1.0\;C:\WINDOWS\System32\OpenSSH\;C:\Program Files\nodejs\;C:\Program Files\OpenSSL-Win64\bin;;C:\Program Files\Docker\Docker\resources\bin;C:\ProgramData\DockerDesktop\version-bin;C:\Program Files\apache-maven-3.8.4\bin;C:\Program Files\Java\jdk-17.0.2\bin;C:\Program Files\MySQL\MySQL Shell 8.0\bin\;C:\Python39\Scripts\;C:\Python39\;C:\Users\taco7\AppData\Local\Microsoft\WindowsApps;C:\Program Files\Intel\WiFi\bin\;C:\Program Files\Common Files\Intel\WirelessCommon\;C:\Users\taco7\AppData\Local\Programs\Microsoft VS Code\bin;C:\Program Files\sfdx\bin;C:\Users\taco7\AppData\Roaming\npm;JAVA_HOME%\bin;C:\Program Files\apache-maven-3.8.4\bin;D:\Documents\kafka\bin;C:\Program Files\OpenSSL-Win64\bin;C:\Program Files\JetBrains\IntelliJ IDEA Community Edition 2021.3.3\bin;;C:\Users\taco7\Desktop\kibana-8.1.2\bin;C:\Users\taco7\Desktop\elasticsearch-8.1.2\bin;C:\Users\taco7\Desktop\logstash-8.1.2\bin;
USERNAME=taco7
OS=Windows_NT
PROCESSOR_IDENTIFIER=Intel64 Family 6 Model 158 Stepping 9, GenuineIntel



---------------  S Y S T E M  ---------------

OS:
 Windows 10 , 64 bit Build 19041 (10.0.19041.1566)
OS uptime: 11 days 14:29 hours
Hyper-V role detected

CPU: total 4 (initial active 4) (4 cores per cpu, 1 threads per core) family 6 model 158 stepping 9 microcode 0xc6, cx8, cmov, fxsr, mmx, 3dnowpref, sse, sse2, sse3, ssse3, sse4.1, sse4.2, popcnt, lzcnt, tsc, tscinvbit, avx, avx2, aes, erms, clmul, bmi1, bmi2, adx, fma, vzeroupper, clflush, clflushopt, hv

Memory: 4k page, system-wide physical 7832M (370M free)
TotalPageFile size 31384M (AvailPageFile size 12M)
current process WorkingSet (physical memory assigned to process): 41M, peak: 123M
current process commit charge ("private bytes"): 146M, peak: 215M

vm_info: OpenJDK 64-Bit Server VM (17.0.2+8) for windows-amd64 JRE (17.0.2+8), built on Jan 20 2022 04:52:34 by "" with MS VC++ 16.7 (VS2019)

END.
